2023-08-12T23:47:18.509+05:30  INFO 6460 --- [main] com.micro.EurekaServerApplication        : Starting EurekaServerApplication using Java 17.0.8 with PID 6460 (C:\Users\ibfin-1\Desktop\Raghu's\MicroServices-2\MS-2\EurekaServer\target\classes started by ibfin-1 in C:\Users\ibfin-1\Desktop\Raghu's\MicroServices-2)
2023-08-12T23:47:18.513+05:30  INFO 6460 --- [main] com.micro.EurekaServerApplication        : No active profile set, falling back to 1 default profile: "default"
2023-08-12T23:47:20.008+05:30  INFO 6460 --- [main] o.s.cloud.context.scope.GenericScope     : BeanFactory id=acac9264-9245-3a5e-a8fb-2c93c4c6475d
2023-08-12T23:47:20.449+05:30  INFO 6460 --- [main] o.s.b.w.embedded.tomcat.TomcatWebServer  : Tomcat initialized with port(s): 8761 (http)
2023-08-12T23:47:20.458+05:30  INFO 6460 --- [main] o.apache.catalina.core.StandardService   : Starting service [Tomcat]
2023-08-12T23:47:20.459+05:30  INFO 6460 --- [main] o.apache.catalina.core.StandardEngine    : Starting Servlet engine: [Apache Tomcat/10.1.11]
2023-08-12T23:47:20.642+05:30  INFO 6460 --- [main] o.a.c.c.C.[Tomcat].[localhost].[/]       : Initializing Spring embedded WebApplicationContext
2023-08-12T23:47:20.643+05:30  INFO 6460 --- [main] w.s.c.ServletWebServerApplicationContext : Root WebApplicationContext: initialization completed in 2036 ms
2023-08-12T23:47:21.846+05:30  INFO 6460 --- [main] c.n.d.provider.DiscoveryJerseyProvider   : Using JSON encoding codec LegacyJacksonJson
2023-08-12T23:47:21.848+05:30  INFO 6460 --- [main] c.n.d.provider.DiscoveryJerseyProvider   : Using JSON decoding codec LegacyJacksonJson
2023-08-12T23:47:22.094+05:30  INFO 6460 --- [main] c.n.d.provider.DiscoveryJerseyProvider   : Using XML encoding codec XStreamXml
2023-08-12T23:47:22.095+05:30  INFO 6460 --- [main] c.n.d.provider.DiscoveryJerseyProvider   : Using XML decoding codec XStreamXml
2023-08-12T23:47:23.218+05:30  WARN 6460 --- [main] iguration$LoadBalancerCaffeineWarnLogger : Spring Cloud LoadBalancer is currently working with the default cache. While this cache implementation is useful for development and tests, it's recommended to use Caffeine cache in production.You can switch to using Caffeine cache, by adding it and org.springframework.cache.caffeine.CaffeineCacheManager to the classpath.
2023-08-12T23:47:23.241+05:30  INFO 6460 --- [main] o.s.c.n.eureka.InstanceInfoFactory       : Setting initial instance status as: STARTING
2023-08-12T23:47:23.271+05:30  INFO 6460 --- [main] com.netflix.discovery.DiscoveryClient    : Initializing Eureka in region us-east-1
2023-08-12T23:47:23.271+05:30  INFO 6460 --- [main] com.netflix.discovery.DiscoveryClient    : Client configured to neither register nor query for data.
2023-08-12T23:47:23.281+05:30  INFO 6460 --- [main] com.netflix.discovery.DiscoveryClient    : Discovery Client initialized at timestamp 1691864243280 with initial instances count: 0
2023-08-12T23:47:23.323+05:30  INFO 6460 --- [main] c.n.eureka.DefaultEurekaServerContext    : Initializing ...
2023-08-12T23:47:23.326+05:30  WARN 6460 --- [main] c.n.eureka.cluster.PeerEurekaNodes       : The replica size seems to be empty. Check the route 53 DNS Registry
2023-08-12T23:47:23.398+05:30  INFO 6460 --- [main] c.n.e.registry.AbstractInstanceRegistry  : Finished initializing remote region registries. All known remote regions: []
2023-08-12T23:47:23.399+05:30  INFO 6460 --- [main] c.n.eureka.DefaultEurekaServerContext    : Initialized
2023-08-12T23:47:23.413+05:30  INFO 6460 --- [main] o.s.b.a.e.web.EndpointLinksResolver      : Exposing 1 endpoint(s) beneath base path '/actuator'
2023-08-12T23:47:23.528+05:30  INFO 6460 --- [main] o.s.c.n.e.s.EurekaServiceRegistry        : Registering application UNKNOWN with eureka with status UP
2023-08-12T23:47:23.553+05:30  INFO 6460 --- [Thread-9] o.s.c.n.e.server.EurekaServerBootstrap   : isAws returned false
2023-08-12T23:47:23.554+05:30  INFO 6460 --- [Thread-9] o.s.c.n.e.server.EurekaServerBootstrap   : Initialized server context
2023-08-12T23:47:23.554+05:30  INFO 6460 --- [Thread-9] c.n.e.r.PeerAwareInstanceRegistryImpl    : Got 1 instances from neighboring DS node
2023-08-12T23:47:23.554+05:30  INFO 6460 --- [Thread-9] c.n.e.r.PeerAwareInstanceRegistryImpl    : Renew threshold is: 1
2023-08-12T23:47:23.554+05:30  INFO 6460 --- [Thread-9] c.n.e.r.PeerAwareInstanceRegistryImpl    : Changing status to UP
2023-08-12T23:47:23.576+05:30  INFO 6460 --- [Thread-9] e.s.EurekaServerInitializerConfiguration : Started Eureka Server
2023-08-12T23:47:23.586+05:30  INFO 6460 --- [main] o.s.b.w.embedded.tomcat.TomcatWebServer  : Tomcat started on port(s): 8761 (http) with context path ''
2023-08-12T23:47:23.588+05:30  INFO 6460 --- [main] .s.c.n.e.s.EurekaAutoServiceRegistration : Updating port to 8761
2023-08-12T23:47:23.710+05:30  INFO 6460 --- [main] com.micro.EurekaServerApplication        : Started EurekaServerApplication in 6.957 seconds (process running for 7.689)
2023-08-12T23:47:50.007+05:30  INFO 6460 --- [http-nio-8761-exec-2] o.a.c.c.C.[Tomcat].[localhost].[/]       : Initializing Spring DispatcherServlet 'dispatcherServlet'
2023-08-12T23:47:50.008+05:30  INFO 6460 --- [http-nio-8761-exec-2] o.s.web.servlet.DispatcherServlet        : Initializing Servlet 'dispatcherServlet'
2023-08-12T23:47:50.010+05:30  INFO 6460 --- [http-nio-8761-exec-2] o.s.web.servlet.DispatcherServlet        : Completed initialization in 2 ms
2023-08-12T23:47:50.545+05:30  INFO 6460 --- [http-nio-8761-exec-1] c.n.e.registry.AbstractInstanceRegistry  : Registered instance PRODUCTSERVICE/custom-services-instance-id with status UP (replication=false)
2023-08-12T23:48:23.578+05:30  INFO 6460 --- [Eureka-EvictionTimer] c.n.e.registry.AbstractInstanceRegistry  : Running the evict task with compensationTime 0ms
2023-08-12T23:48:45.959+05:30  INFO 6460 --- [http-nio-8761-exec-9] c.n.e.registry.AbstractInstanceRegistry  : Registered instance GATEWAY/INBOOK_X2_PLUS.bbrouter:GATEWAY:8084 with status UP (replication=false)
2023-08-12T23:49:23.583+05:30  INFO 6460 --- [Eureka-EvictionTimer] c.n.e.registry.AbstractInstanceRegistry  : Running the evict task with compensationTime 4ms
2023-08-12T23:49:52.188+05:30  INFO 6460 --- [http-nio-8761-exec-1] c.n.e.registry.AbstractInstanceRegistry  : Registered instance AUTHSERVICE/INBOOK_X2_PLUS.bbrouter:AUTHSERVICE:8085 with status UP (replication=false)
2023-08-12T23:50:23.604+05:30  INFO 6460 --- [Eureka-EvictionTimer] c.n.e.registry.AbstractInstanceRegistry  : Running the evict task with compensationTime 20ms
2023-08-12T23:51:23.603+05:30  INFO 6460 --- [Eureka-EvictionTimer] c.n.e.registry.AbstractInstanceRegistry  : Running the evict task with compensationTime 0ms
2023-08-12T23:52:23.609+05:30  INFO 6460 --- [Eureka-EvictionTimer] c.n.e.registry.AbstractInstanceRegistry  : Running the evict task with compensationTime 5ms
2023-08-12T23:53:22.790+05:30  INFO 6460 --- [http-nio-8761-exec-10] c.n.e.registry.AbstractInstanceRegistry  : Registered instance AUTHSERVICE/INBOOK_X2_PLUS.bbrouter:AUTHSERVICE:8085 with status DOWN (replication=false)
2023-08-12T23:53:22.892+05:30  INFO 6460 --- [http-nio-8761-exec-9] c.n.e.registry.AbstractInstanceRegistry  : Registered instance GATEWAY/INBOOK_X2_PLUS.bbrouter:GATEWAY:8084 with status DOWN (replication=false)
2023-08-12T23:53:22.986+05:30  INFO 6460 --- [http-nio-8761-exec-3] c.n.e.registry.AbstractInstanceRegistry  : Registered instance PRODUCTSERVICE/custom-services-instance-id with status DOWN (replication=false)
2023-08-12T23:53:23.064+05:30  INFO 6460 --- [SpringApplicationShutdownHook] o.s.c.n.e.s.EurekaServiceRegistry        : Unregistering application UNKNOWN with eureka with status DOWN
2023-08-12T23:53:23.111+05:30  INFO 6460 --- [SpringApplicationShutdownHook] o.s.c.n.e.server.EurekaServerBootstrap   : Shutting down Eureka Server..
2023-08-12T23:53:23.129+05:30  INFO 6460 --- [SpringApplicationShutdownHook] c.n.eureka.DefaultEurekaServerContext    : Shutting down ...
2023-08-12T23:53:23.163+05:30  INFO 6460 --- [SpringApplicationShutdownHook] c.n.eureka.DefaultEurekaServerContext    : Shut down
2023-08-12T23:53:23.164+05:30  INFO 6460 --- [SpringApplicationShutdownHook] o.s.c.n.e.server.EurekaServerBootstrap   : Eureka Service is now shutdown...
2023-08-12T23:53:23.164+05:30  INFO 6460 --- [SpringApplicationShutdownHook] c.n.eureka.DefaultEurekaServerContext    : Shutting down ...
2023-08-12T23:53:23.181+05:30  INFO 6460 --- [SpringApplicationShutdownHook] c.n.eureka.DefaultEurekaServerContext    : Shut down
2023-08-12T23:53:23.194+05:30  INFO 6460 --- [SpringApplicationShutdownHook] com.netflix.discovery.DiscoveryClient    : Shutting down DiscoveryClient ...
2023-08-12T23:53:23.196+05:30  INFO 6460 --- [SpringApplicationShutdownHook] com.netflix.discovery.DiscoveryClient    : Completed shut down of DiscoveryClient
